<?xml version="1.0" encoding="UTF-8"?>
<!-- Generated by org.testng.reporters.JUnitReportReporter -->
<testsuite skipped="0" hostname="LAPTOP-A3NFFT5A" name="TC006_GET_Requests" tests="1" failures="0" timestamp="2021-10-07T16:32:51 COT" time="3.289" errors="0">
  <testcase name="extractValuesForEachNodeInJSON" time="3.289" classname="TC006_GET_Requests"/>
  <system-out/>
</testsuite> <!-- TC006_GET_Requests -->
