<?xml version="1.0" encoding="UTF-8"?>
<!-- Generated by org.testng.reporters.JUnitReportReporter -->
<testsuite skipped="0" hostname="LAPTOP-A3NFFT5A" name="TC004_GET_Request" tests="1" failures="0" timestamp="2021-10-07T07:59:34 COT" time="1.920" errors="0">
  <testcase name="googleMapsPrintAllHeaders" time="1.920" classname="TC004_GET_Request"/>
  <system-out/>
</testsuite> <!-- TC004_GET_Request -->
