<?xml version="1.0" encoding="UTF-8"?>
<!-- Generated by org.testng.reporters.JUnitReportReporter -->
<testsuite skipped="0" hostname="LAPTOP-A3NFFT5A" name="TC001_GET_Request" tests="1" failures="0" timestamp="2021-10-07T08:10:19 COT" time="2.992" errors="0">
  <testcase name="getUserinformation" time="2.992" classname="TC001_GET_Request"/>
  <system-out/>
</testsuite> <!-- TC001_GET_Request -->
