<?xml version="1.0" encoding="UTF-8"?>
<!-- Generated by org.testng.reporters.JUnitReportReporter -->
<testsuite skipped="0" hostname="LAPTOP-A3NFFT5A" name="TC003_GET_Request" tests="1" failures="0" timestamp="2021-10-06T20:59:14 COT" time="1.897" errors="0">
  <testcase name="googleMapsTest" time="1.897" classname="TC003_GET_Request"/>
  <system-out/>
</testsuite> <!-- TC003_GET_Request -->
