<?xml version="1.0" encoding="UTF-8"?>
<!-- Generated by org.testng.reporters.JUnitReportReporter -->
<testsuite skipped="0" hostname="LAPTOP-A3NFFT5A" name="TC005_GET_Request" tests="1" failures="0" timestamp="2021-10-07T08:19:41 COT" time="2.541" errors="0">
  <testcase name="validateJSONResponse" time="2.541" classname="TC005_GET_Request"/>
  <system-out/>
</testsuite> <!-- TC005_GET_Request -->
