<?xml version="1.0" encoding="UTF-8"?>
<!-- Generated by org.testng.reporters.JUnitReportReporter -->
<testsuite skipped="0" hostname="LAPTOP-A3NFFT5A" name="employeeapi.testCases.TC001_GET_Request" tests="1" failures="0" timestamp="2021-10-13T19:29:50 COT" time="2.390" errors="0">
  <testcase name="getUserinformation" time="2.390" classname="employeeapi.testCases.TC001_GET_Request"/>
  <system-out/>
</testsuite> <!-- employeeapi.testCases.TC001_GET_Request -->
