<?xml version="1.0" encoding="UTF-8"?>
<!-- Generated by org.testng.reporters.JUnitReportReporter -->
<testsuite skipped="0" hostname="LAPTOP-A3NFFT5A" name="com.employeeapi.testCases.TC001_Get_All_Employees" tests="9" failures="0" timestamp="2021-10-15T20:06:39 COT" time="0.033" errors="0">
  <testcase name="checkContentType" time="0.001" classname="com.employeeapi.testCases.TC001_Get_All_Employees"/>
  <system-out/>
  <testcase name="checkContentLenght" time="0.006" classname="com.employeeapi.testCases.TC001_Get_All_Employees"/>
  <system-out/>
  <testcase name="checkResponseTime" time="0.001" classname="com.employeeapi.testCases.TC001_Get_All_Employees"/>
  <system-out/>
  <testcase name="checkStatusCode" time="0.001" classname="com.employeeapi.testCases.TC001_Get_All_Employees"/>
  <system-out/>
  <testcase name="checkstatusLine" time="0.002" classname="com.employeeapi.testCases.TC001_Get_All_Employees"/>
  <system-out/>
  <testcase name="checkCookies" time="0.002" classname="com.employeeapi.testCases.TC001_Get_All_Employees"/>
  <system-out/>
  <testcase name="checkResposeBody" time="0.016" classname="com.employeeapi.testCases.TC001_Get_All_Employees"/>
  <system-out/>
  <testcase name="checkcontentEncoding" time="0.001" classname="com.employeeapi.testCases.TC001_Get_All_Employees"/>
  <system-out/>
  <testcase name="checkserverType" time="0.003" classname="com.employeeapi.testCases.TC001_Get_All_Employees"/>
  <system-out/>
</testsuite> <!-- com.employeeapi.testCases.TC001_Get_All_Employees -->
