<?xml version="1.0" encoding="UTF-8"?>
<!-- Generated by org.testng.reporters.JUnitReportReporter -->
<testsuite skipped="0" hostname="LAPTOP-A3NFFT5A" name="TC002_POST_Request" tests="1" failures="0" timestamp="2021-10-06T20:07:43 COT" time="3.061" errors="0">
  <testcase name="createNewUser" time="3.061" classname="TC002_POST_Request"/>
  <system-out/>
</testsuite> <!-- TC002_POST_Request -->
